2022/09/27 10:41:59 Connected to Portworx's OpenStorage via gRPC to localhost:9020
2022/09/27 10:41:59 Starting Broker server on port :8080
2022/09/27 10:41:59 listen tcp :8080: bind: address already in use
panic: listen tcp :8080: bind: address already in use

goroutine 1 [running]:
log.Panic({0xc0001c7f20?, 0xe?, 0xc0001c7f20?})
	/usr/local/go/src/log/log.go:388 +0x65
main.main()
	/Users/camartinez/portworx-client/broker/cmd/api/main.go:76 +0x62e
exit status 2
2022/09/27 10:42:34 Connected to Portworx's OpenStorage via gRPC to localhost:9020
2022/09/27 10:42:34 Starting Broker server on port :8080
2022/09/27 10:42:48 Error Code[14] Message[connection error: desc = "transport: Error while dialing dial tcp [::1]:9020: connect: connection refused"]
exit status 1
2022/09/27 10:43:51 Connected to Portworx's OpenStorage via gRPC to localhost:9020
2022/09/27 10:43:51 Starting Broker server on port :8080
2022/09/27 10:45:58 Connected to Portworx's OpenStorage via gRPC to localhost:9020
2022/09/27 10:45:58 Starting Broker server on port :8080
2022/09/27 10:45:58 listen tcp :8080: bind: address already in use
panic: listen tcp :8080: bind: address already in use

goroutine 1 [running]:
log.Panic({0xc0001c5f20?, 0xe?, 0xc0001c5f20?})
	/usr/local/go/src/log/log.go:388 +0x65
main.main()
	/Users/camartinez/portworx-client/broker/cmd/api/main.go:76 +0x62e
exit status 2
2022/09/27 10:46:58 Connected to Portworx's OpenStorage via gRPC to localhost:9020
2022/09/27 10:46:58 Starting Broker server on port :8080
2022/09/27 10:46:58 listen tcp :8080: bind: address already in use
panic: listen tcp :8080: bind: address already in use

goroutine 1 [running]:
log.Panic({0xc000251f20?, 0xe?, 0xc000251f20?})
	/usr/local/go/src/log/log.go:388 +0x65
main.main()
	/Users/camartinez/portworx-client/broker/cmd/api/main.go:76 +0x62e
exit status 2
